2019-11-21 10:54:17.459  INFO [demo-with-sleuth,,,] 15432 --- [main] com.my.app.MyappApplication              : No active profile set, falling back to default profiles: default
2019-11-21 10:54:18.860  INFO [demo-with-sleuth,,,] 15432 --- [main] o.s.cloud.context.scope.GenericScope     : BeanFactory id=c24d1854-20d0-3679-913f-7e0d5e3b493e
2019-11-21 10:54:19.888  INFO [demo-with-sleuth,,,] 15432 --- [main] trationDelegate$BeanPostProcessorChecker : Bean 'org.springframework.transaction.annotation.ProxyTransactionManagementConfiguration' of type [org.springframework.transaction.annotation.ProxyTransactionManagementConfiguration] is not eligible for getting processed by all BeanPostProcessors (for example: not eligible for auto-proxying)
2019-11-21 10:54:19.996  INFO [demo-with-sleuth,,,] 15432 --- [main] trationDelegate$BeanPostProcessorChecker : Bean 'org.springframework.cloud.autoconfigure.ConfigurationPropertiesRebinderAutoConfiguration' of type [org.springframework.cloud.autoconfigure.ConfigurationPropertiesRebinderAutoConfiguration$$EnhancerBySpringCGLIB$$55508d93] is not eligible for getting processed by all BeanPostProcessors (for example: not eligible for auto-proxying)
2019-11-21 10:54:21.202  INFO [demo-with-sleuth,,,] 15432 --- [main] o.s.b.w.embedded.tomcat.TomcatWebServer  : Tomcat initialized with port(s): 8081 (http)
2019-11-21 10:54:21.221  INFO [demo-with-sleuth,,,] 15432 --- [main] o.apache.catalina.core.StandardService   : Starting service [Tomcat]
2019-11-21 10:54:21.222  INFO [demo-with-sleuth,,,] 15432 --- [main] org.apache.catalina.core.StandardEngine  : Starting Servlet engine: [Apache Tomcat/9.0.27]
2019-11-21 10:54:21.790  INFO [demo-with-sleuth,,,] 15432 --- [main] o.a.c.c.C.[Tomcat].[localhost].[/]       : Initializing Spring embedded WebApplicationContext
2019-11-21 10:54:21.791  INFO [demo-with-sleuth,,,] 15432 --- [main] o.s.web.context.ContextLoader            : Root WebApplicationContext: initialization completed in 4293 ms
2019-11-21 10:54:24.243  INFO [demo-with-sleuth,,,] 15432 --- [main] o.s.s.concurrent.ThreadPoolTaskExecutor  : Initializing ExecutorService 'applicationTaskExecutor'
2019-11-21 10:54:25.833  INFO [demo-with-sleuth,,,] 15432 --- [main] o.s.b.w.embedded.tomcat.TomcatWebServer  : Tomcat started on port(s): 8081 (http) with context path ''
2019-11-21 10:54:26.241  INFO [demo-with-sleuth,,,] 15432 --- [main] com.my.app.MyappApplication              : Started MyappApplication in 11.793 seconds (JVM running for 12.914)
2019-11-21 11:02:16.619  INFO [demo-with-sleuth,,,] 15432 --- [http-nio-8081-exec-2] o.a.c.c.C.[Tomcat].[localhost].[/]       : Initializing Spring DispatcherServlet 'dispatcherServlet'
2019-11-21 11:02:16.622  INFO [demo-with-sleuth,,,] 15432 --- [http-nio-8081-exec-2] o.s.web.servlet.DispatcherServlet        : Initializing Servlet 'dispatcherServlet'
2019-11-21 11:02:16.658  INFO [demo-with-sleuth,,,] 15432 --- [http-nio-8081-exec-2] o.s.web.servlet.DispatcherServlet        : Completed initialization in 35 ms
2019-11-21 11:03:08.044  INFO [demo-with-sleuth,,,] 18836 --- [main] com.my.app.MyappApplication              : No active profile set, falling back to default profiles: default
2019-11-21 11:03:09.800  INFO [demo-with-sleuth,,,] 18836 --- [main] o.s.cloud.context.scope.GenericScope     : BeanFactory id=c24d1854-20d0-3679-913f-7e0d5e3b493e
2019-11-21 11:03:10.846  INFO [demo-with-sleuth,,,] 18836 --- [main] trationDelegate$BeanPostProcessorChecker : Bean 'org.springframework.transaction.annotation.ProxyTransactionManagementConfiguration' of type [org.springframework.transaction.annotation.ProxyTransactionManagementConfiguration] is not eligible for getting processed by all BeanPostProcessors (for example: not eligible for auto-proxying)
2019-11-21 11:03:10.919  INFO [demo-with-sleuth,,,] 18836 --- [main] trationDelegate$BeanPostProcessorChecker : Bean 'org.springframework.cloud.autoconfigure.ConfigurationPropertiesRebinderAutoConfiguration' of type [org.springframework.cloud.autoconfigure.ConfigurationPropertiesRebinderAutoConfiguration$$EnhancerBySpringCGLIB$$254e8035] is not eligible for getting processed by all BeanPostProcessors (for example: not eligible for auto-proxying)
2019-11-21 11:03:12.055  INFO [demo-with-sleuth,,,] 18836 --- [main] o.s.b.w.embedded.tomcat.TomcatWebServer  : Tomcat initialized with port(s): 8081 (http)
2019-11-21 11:03:12.074  INFO [demo-with-sleuth,,,] 18836 --- [main] o.apache.catalina.core.StandardService   : Starting service [Tomcat]
2019-11-21 11:03:12.074  INFO [demo-with-sleuth,,,] 18836 --- [main] org.apache.catalina.core.StandardEngine  : Starting Servlet engine: [Apache Tomcat/9.0.27]
2019-11-21 11:03:12.285  INFO [demo-with-sleuth,,,] 18836 --- [main] o.a.c.c.C.[Tomcat].[localhost].[/]       : Initializing Spring embedded WebApplicationContext
2019-11-21 11:03:12.286  INFO [demo-with-sleuth,,,] 18836 --- [main] o.s.web.context.ContextLoader            : Root WebApplicationContext: initialization completed in 4206 ms
2019-11-21 11:03:14.181  INFO [demo-with-sleuth,,,] 18836 --- [main] o.s.s.concurrent.ThreadPoolTaskExecutor  : Initializing ExecutorService 'applicationTaskExecutor'
2019-11-21 11:03:15.580  INFO [demo-with-sleuth,,,] 18836 --- [main] o.s.b.w.embedded.tomcat.TomcatWebServer  : Tomcat started on port(s): 8081 (http) with context path ''
2019-11-21 11:03:16.046  INFO [demo-with-sleuth,,,] 18836 --- [main] com.my.app.MyappApplication              : Started MyappApplication in 11.128 seconds (JVM running for 12.193)
2019-11-21 11:03:21.037  INFO [demo-with-sleuth,,,] 18836 --- [http-nio-8081-exec-1] o.a.c.c.C.[Tomcat].[localhost].[/]       : Initializing Spring DispatcherServlet 'dispatcherServlet'
2019-11-21 11:03:21.037  INFO [demo-with-sleuth,,,] 18836 --- [http-nio-8081-exec-1] o.s.web.servlet.DispatcherServlet        : Initializing Servlet 'dispatcherServlet'
2019-11-21 11:03:21.068  INFO [demo-with-sleuth,,,] 18836 --- [http-nio-8081-exec-1] o.s.web.servlet.DispatcherServlet        : Completed initialization in 31 ms
2019-11-21 11:03:21.607  INFO [demo-with-sleuth,8db865af0307f387,8db865af0307f387,false] 18836 --- [http-nio-8081-exec-1] com.my.app.config.AspectLog              : >>>>>>>>>>> 请求地址：/user/getList, 请求参数为：{"uniqueIdentity":"","name":"1","device":"1"}
2019-11-21 11:03:22.218  INFO [demo-with-sleuth,8db865af0307f387,8db865af0307f387,false] 18836 --- [http-nio-8081-exec-1] com.alibaba.druid.pool.DruidDataSource   : {dataSource-1} inited
2019-11-21 11:03:22.535 DEBUG [demo-with-sleuth,8db865af0307f387,8db865af0307f387,false] 18836 --- [http-nio-8081-exec-1] c.m.a.d.F.selectByExample_COUNT          : ==>  Preparing: SELECT count(0) FROM front_account_info WHERE (auth_status = ?) 
2019-11-21 11:03:22.581 DEBUG [demo-with-sleuth,8db865af0307f387,8db865af0307f387,false] 18836 --- [http-nio-8081-exec-1] c.m.a.d.F.selectByExample_COUNT          : ==> Parameters: 1(Integer)
2019-11-21 11:03:22.617 DEBUG [demo-with-sleuth,8db865af0307f387,8db865af0307f387,false] 18836 --- [http-nio-8081-exec-1] c.m.a.d.F.selectByExample_COUNT          : <==      Total: 1
2019-11-21 11:03:22.620 DEBUG [demo-with-sleuth,8db865af0307f387,8db865af0307f387,false] 18836 --- [http-nio-8081-exec-1] c.m.a.d.F.selectByExample                : ==>  Preparing: select 'true' as QUERYID, id, id_card_no, auth_status, phone_no, account_status, active_status, third_cust_id, token, creator, updator, created_time, updated_time from front_account_info WHERE ( auth_status = ? ) LIMIT ? 
2019-11-21 11:03:22.620 DEBUG [demo-with-sleuth,8db865af0307f387,8db865af0307f387,false] 18836 --- [http-nio-8081-exec-1] c.m.a.d.F.selectByExample                : ==> Parameters: 1(Integer), 1(Integer)
2019-11-21 11:03:22.624 DEBUG [demo-with-sleuth,8db865af0307f387,8db865af0307f387,false] 18836 --- [http-nio-8081-exec-1] c.m.a.d.F.selectByExample                : <==      Total: 1
2019-11-21 11:03:22.664  INFO [demo-with-sleuth,8db865af0307f387,8db865af0307f387,false] 18836 --- [http-nio-8081-exec-1] com.my.app.config.AspectLog              : >>>>>>>>>>> 请求地址：/user/getList, 返回参数为：{"code":"0000","data":{"page":{"endRow":1,"firstPage":1,"hasNextPage":true,"hasPreviousPage":false,"isFirstPage":true,"isLastPage":false,"lastPage":7,"list":[{"account_status":2,"active_status":1,"auth_status":1,"created_time":1565272874000,"creator":"","id":4,"id_card_no":"320102199003271335","phone_no":18212345678,"third_cust_id":"L2019081211400000001","token":"8783e09f4c4609badf1e836c20b54053","updated_time":1565655846000,"updator":""}],"navigateFirstPage":1,"navigateLastPage":7,"navigatePages":8,"navigatepageNums":[1,2,3,4,5,6,7],"nextPage":2,"pageNum":1,"pageSize":1,"pages":7,"prePage":0,"size":1,"startRow":1,"total":7},"list":[{"$ref":"$.data.page.list[0]"}]},"message":"请求成功","success":"1"},耗时：{}ms
2019-11-21 11:07:40.749  INFO [demo-with-sleuth,,,] 21936 --- [main] com.my.app.MyappApplication              : No active profile set, falling back to default profiles: default
2019-11-21 11:07:42.075  INFO [demo-with-sleuth,,,] 21936 --- [main] o.s.cloud.context.scope.GenericScope     : BeanFactory id=c24d1854-20d0-3679-913f-7e0d5e3b493e
2019-11-21 11:07:42.773  INFO [demo-with-sleuth,,,] 21936 --- [main] trationDelegate$BeanPostProcessorChecker : Bean 'org.springframework.transaction.annotation.ProxyTransactionManagementConfiguration' of type [org.springframework.transaction.annotation.ProxyTransactionManagementConfiguration] is not eligible for getting processed by all BeanPostProcessors (for example: not eligible for auto-proxying)
2019-11-21 11:07:42.877  INFO [demo-with-sleuth,,,] 21936 --- [main] trationDelegate$BeanPostProcessorChecker : Bean 'org.springframework.cloud.autoconfigure.ConfigurationPropertiesRebinderAutoConfiguration' of type [org.springframework.cloud.autoconfigure.ConfigurationPropertiesRebinderAutoConfiguration$$EnhancerBySpringCGLIB$$f0ce81d7] is not eligible for getting processed by all BeanPostProcessors (for example: not eligible for auto-proxying)
2019-11-21 11:07:44.041  INFO [demo-with-sleuth,,,] 21936 --- [main] o.s.b.w.embedded.tomcat.TomcatWebServer  : Tomcat initialized with port(s): 8081 (http)
2019-11-21 11:07:44.064  INFO [demo-with-sleuth,,,] 21936 --- [main] o.apache.catalina.core.StandardService   : Starting service [Tomcat]
2019-11-21 11:07:44.064  INFO [demo-with-sleuth,,,] 21936 --- [main] org.apache.catalina.core.StandardEngine  : Starting Servlet engine: [Apache Tomcat/9.0.27]
2019-11-21 11:07:44.272  INFO [demo-with-sleuth,,,] 21936 --- [main] o.a.c.c.C.[Tomcat].[localhost].[/]       : Initializing Spring embedded WebApplicationContext
2019-11-21 11:07:44.273  INFO [demo-with-sleuth,,,] 21936 --- [main] o.s.web.context.ContextLoader            : Root WebApplicationContext: initialization completed in 3496 ms
2019-11-21 11:07:46.143  INFO [demo-with-sleuth,,,] 21936 --- [main] o.s.s.concurrent.ThreadPoolTaskExecutor  : Initializing ExecutorService 'applicationTaskExecutor'
2019-11-21 11:07:47.719  INFO [demo-with-sleuth,,,] 21936 --- [main] o.s.b.w.embedded.tomcat.TomcatWebServer  : Tomcat started on port(s): 8081 (http) with context path ''
2019-11-21 11:07:48.231  INFO [demo-with-sleuth,,,] 21936 --- [main] com.my.app.MyappApplication              : Started MyappApplication in 10.549 seconds (JVM running for 11.63)
2019-11-21 11:08:27.658  INFO [demo-with-sleuth,,,] 21936 --- [http-nio-8081-exec-1] o.a.c.c.C.[Tomcat].[localhost].[/]       : Initializing Spring DispatcherServlet 'dispatcherServlet'
2019-11-21 11:08:27.659  INFO [demo-with-sleuth,,,] 21936 --- [http-nio-8081-exec-1] o.s.web.servlet.DispatcherServlet        : Initializing Servlet 'dispatcherServlet'
2019-11-21 11:08:27.701  INFO [demo-with-sleuth,,,] 21936 --- [http-nio-8081-exec-1] o.s.web.servlet.DispatcherServlet        : Completed initialization in 42 ms
2019-11-21 11:08:28.476  INFO [demo-with-sleuth,1c7567fbee6db781,1c7567fbee6db781,false] 21936 --- [http-nio-8081-exec-1] com.my.app.config.AspectLog              : >>>>>>>>>>> 请求地址：/user/getList, 请求参数为：{"uniqueIdentity":"","name":"1","device":"1"}
2019-11-21 11:08:28.985  INFO [demo-with-sleuth,1c7567fbee6db781,1c7567fbee6db781,false] 21936 --- [http-nio-8081-exec-1] com.alibaba.druid.pool.DruidDataSource   : {dataSource-1} inited
2019-11-21 11:08:29.422 DEBUG [demo-with-sleuth,1c7567fbee6db781,1c7567fbee6db781,false] 21936 --- [http-nio-8081-exec-1] c.m.a.d.F.selectByExample_COUNT          : ==>  Preparing: SELECT count(0) FROM front_account_info WHERE (auth_status = ?) 
2019-11-21 11:08:29.640 DEBUG [demo-with-sleuth,1c7567fbee6db781,1c7567fbee6db781,false] 21936 --- [http-nio-8081-exec-1] c.m.a.d.F.selectByExample_COUNT          : ==> Parameters: 1(Integer)
2019-11-21 11:08:29.705 DEBUG [demo-with-sleuth,1c7567fbee6db781,1c7567fbee6db781,false] 21936 --- [http-nio-8081-exec-1] c.m.a.d.F.selectByExample_COUNT          : <==      Total: 1
2019-11-21 11:08:29.713 DEBUG [demo-with-sleuth,1c7567fbee6db781,1c7567fbee6db781,false] 21936 --- [http-nio-8081-exec-1] c.m.a.d.F.selectByExample                : ==>  Preparing: select 'true' as QUERYID, id, id_card_no, auth_status, phone_no, account_status, active_status, third_cust_id, token, creator, updator, created_time, updated_time from front_account_info WHERE ( auth_status = ? ) LIMIT ? 
2019-11-21 11:08:29.719 DEBUG [demo-with-sleuth,1c7567fbee6db781,1c7567fbee6db781,false] 21936 --- [http-nio-8081-exec-1] c.m.a.d.F.selectByExample                : ==> Parameters: 1(Integer), 1(Integer)
2019-11-21 11:08:29.724 DEBUG [demo-with-sleuth,1c7567fbee6db781,1c7567fbee6db781,false] 21936 --- [http-nio-8081-exec-1] c.m.a.d.F.selectByExample                : <==      Total: 1
2019-11-21 11:08:29.775  INFO [demo-with-sleuth,1c7567fbee6db781,1c7567fbee6db781,false] 21936 --- [http-nio-8081-exec-1] com.my.app.config.AspectLog              : >>>>>>>>>>> 请求地址：/user/getList, 返回参数为：{"code":"0000","data":{"page":{"endRow":1,"firstPage":1,"hasNextPage":true,"hasPreviousPage":false,"isFirstPage":true,"isLastPage":false,"lastPage":7,"list":[{"account_status":2,"active_status":1,"auth_status":1,"created_time":1565272874000,"creator":"","id":4,"id_card_no":"320102199003271335","phone_no":18212345678,"third_cust_id":"L2019081211400000001","token":"8783e09f4c4609badf1e836c20b54053","updated_time":1565655846000,"updator":""}],"navigateFirstPage":1,"navigateLastPage":7,"navigatePages":8,"navigatepageNums":[1,2,3,4,5,6,7],"nextPage":2,"pageNum":1,"pageSize":1,"pages":7,"prePage":0,"size":1,"startRow":1,"total":7},"list":[{"$ref":"$.data.page.list[0]"}]},"message":"请求成功","success":"1"},耗时：{}ms
2019-11-21 11:12:00.868  INFO [demo-with-sleuth,fe266a67c18de61f,cb088ccb0bd49cd5,false] 21936 --- [http-nio-8081-exec-10] com.my.app.config.AspectLog              : >>>>>>>>>>> 请求地址：/user/getList, 请求参数为：{"uniqueIdentity":"","name":"1","device":"1"}
2019-11-21 11:12:00.880 DEBUG [demo-with-sleuth,fe266a67c18de61f,cb088ccb0bd49cd5,false] 21936 --- [http-nio-8081-exec-10] c.m.a.d.F.selectByExample_COUNT          : ==>  Preparing: SELECT count(0) FROM front_account_info WHERE (auth_status = ?) 
2019-11-21 11:12:00.881 DEBUG [demo-with-sleuth,fe266a67c18de61f,cb088ccb0bd49cd5,false] 21936 --- [http-nio-8081-exec-10] c.m.a.d.F.selectByExample_COUNT          : ==> Parameters: 1(Integer)
2019-11-21 11:12:00.882 DEBUG [demo-with-sleuth,fe266a67c18de61f,cb088ccb0bd49cd5,false] 21936 --- [http-nio-8081-exec-10] c.m.a.d.F.selectByExample_COUNT          : <==      Total: 1
2019-11-21 11:12:00.884 DEBUG [demo-with-sleuth,fe266a67c18de61f,cb088ccb0bd49cd5,false] 21936 --- [http-nio-8081-exec-10] c.m.a.d.F.selectByExample                : ==>  Preparing: select 'true' as QUERYID, id, id_card_no, auth_status, phone_no, account_status, active_status, third_cust_id, token, creator, updator, created_time, updated_time from front_account_info WHERE ( auth_status = ? ) LIMIT ? 
2019-11-21 11:12:00.884 DEBUG [demo-with-sleuth,fe266a67c18de61f,cb088ccb0bd49cd5,false] 21936 --- [http-nio-8081-exec-10] c.m.a.d.F.selectByExample                : ==> Parameters: 1(Integer), 1(Integer)
2019-11-21 11:12:00.887 DEBUG [demo-with-sleuth,fe266a67c18de61f,cb088ccb0bd49cd5,false] 21936 --- [http-nio-8081-exec-10] c.m.a.d.F.selectByExample                : <==      Total: 1
2019-11-21 11:12:00.887  INFO [demo-with-sleuth,fe266a67c18de61f,cb088ccb0bd49cd5,false] 21936 --- [http-nio-8081-exec-10] com.my.app.config.AspectLog              : >>>>>>>>>>> 请求地址：/user/getList, 返回参数为：{"code":"0000","data":{"page":{"endRow":1,"firstPage":1,"hasNextPage":true,"hasPreviousPage":false,"isFirstPage":true,"isLastPage":false,"lastPage":7,"list":[{"account_status":2,"active_status":1,"auth_status":1,"created_time":1565272874000,"creator":"","id":4,"id_card_no":"320102199003271335","phone_no":18212345678,"third_cust_id":"L2019081211400000001","token":"8783e09f4c4609badf1e836c20b54053","updated_time":1565655846000,"updator":""}],"navigateFirstPage":1,"navigateLastPage":7,"navigatePages":8,"navigatepageNums":[1,2,3,4,5,6,7],"nextPage":2,"pageNum":1,"pageSize":1,"pages":7,"prePage":0,"size":1,"startRow":1,"total":7},"list":[{"$ref":"$.data.page.list[0]"}]},"message":"请求成功","success":"1"},耗时：{}ms
2019-11-21 11:12:23.043  INFO [demo-with-sleuth,e20c36581a886511,71b5b920ed53c250,false] 21936 --- [http-nio-8081-exec-1] com.my.app.config.AspectLog              : >>>>>>>>>>> 请求地址：/user/getList, 请求参数为：{"uniqueIdentity":"","name":"1","device":"1"}
2019-11-21 11:12:23.052 DEBUG [demo-with-sleuth,e20c36581a886511,71b5b920ed53c250,false] 21936 --- [http-nio-8081-exec-1] c.m.a.d.F.selectByExample_COUNT          : ==>  Preparing: SELECT count(0) FROM front_account_info WHERE (auth_status = ?) 
2019-11-21 11:12:23.053 DEBUG [demo-with-sleuth,e20c36581a886511,71b5b920ed53c250,false] 21936 --- [http-nio-8081-exec-1] c.m.a.d.F.selectByExample_COUNT          : ==> Parameters: 1(Integer)
2019-11-21 11:12:23.056 DEBUG [demo-with-sleuth,e20c36581a886511,71b5b920ed53c250,false] 21936 --- [http-nio-8081-exec-1] c.m.a.d.F.selectByExample_COUNT          : <==      Total: 1
2019-11-21 11:12:23.059 DEBUG [demo-with-sleuth,e20c36581a886511,71b5b920ed53c250,false] 21936 --- [http-nio-8081-exec-1] c.m.a.d.F.selectByExample                : ==>  Preparing: select 'true' as QUERYID, id, id_card_no, auth_status, phone_no, account_status, active_status, third_cust_id, token, creator, updator, created_time, updated_time from front_account_info WHERE ( auth_status = ? ) LIMIT ? 
2019-11-21 11:12:23.061 DEBUG [demo-with-sleuth,e20c36581a886511,71b5b920ed53c250,false] 21936 --- [http-nio-8081-exec-1] c.m.a.d.F.selectByExample                : ==> Parameters: 1(Integer), 1(Integer)
2019-11-21 11:12:23.076 DEBUG [demo-with-sleuth,e20c36581a886511,71b5b920ed53c250,false] 21936 --- [http-nio-8081-exec-1] c.m.a.d.F.selectByExample                : <==      Total: 1
2019-11-21 11:12:23.077  INFO [demo-with-sleuth,e20c36581a886511,71b5b920ed53c250,false] 21936 --- [http-nio-8081-exec-1] com.my.app.config.AspectLog              : >>>>>>>>>>> 请求地址：/user/getList, 返回参数为：{"code":"0000","data":{"page":{"endRow":1,"firstPage":1,"hasNextPage":true,"hasPreviousPage":false,"isFirstPage":true,"isLastPage":false,"lastPage":7,"list":[{"account_status":2,"active_status":1,"auth_status":1,"created_time":1565272874000,"creator":"","id":4,"id_card_no":"320102199003271335","phone_no":18212345678,"third_cust_id":"L2019081211400000001","token":"8783e09f4c4609badf1e836c20b54053","updated_time":1565655846000,"updator":""}],"navigateFirstPage":1,"navigateLastPage":7,"navigatePages":8,"navigatepageNums":[1,2,3,4,5,6,7],"nextPage":2,"pageNum":1,"pageSize":1,"pages":7,"prePage":0,"size":1,"startRow":1,"total":7},"list":[{"$ref":"$.data.page.list[0]"}]},"message":"请求成功","success":"1"},耗时：{}ms
2019-11-21 14:03:26.178  INFO [demo-with-sleuth,31b73f90ef55a11f,d0d6310e34be562d,false] 21936 --- [http-nio-8081-exec-3] com.my.app.config.AspectLog              : >>>>>>>>>>> 请求地址：/user/getList, 请求参数为：{"uniqueIdentity":"","name":"1","device":"1"}
2019-11-21 14:03:26.199 DEBUG [demo-with-sleuth,31b73f90ef55a11f,d0d6310e34be562d,false] 21936 --- [http-nio-8081-exec-3] c.m.a.d.F.selectByExample_COUNT          : ==>  Preparing: SELECT count(0) FROM front_account_info WHERE (auth_status = ?) 
2019-11-21 14:03:26.200 DEBUG [demo-with-sleuth,31b73f90ef55a11f,d0d6310e34be562d,false] 21936 --- [http-nio-8081-exec-3] c.m.a.d.F.selectByExample_COUNT          : ==> Parameters: 1(Integer)
2019-11-21 14:03:26.202 DEBUG [demo-with-sleuth,31b73f90ef55a11f,d0d6310e34be562d,false] 21936 --- [http-nio-8081-exec-3] c.m.a.d.F.selectByExample_COUNT          : <==      Total: 1
2019-11-21 14:03:26.203 DEBUG [demo-with-sleuth,31b73f90ef55a11f,d0d6310e34be562d,false] 21936 --- [http-nio-8081-exec-3] c.m.a.d.F.selectByExample                : ==>  Preparing: select 'true' as QUERYID, id, id_card_no, auth_status, phone_no, account_status, active_status, third_cust_id, token, creator, updator, created_time, updated_time from front_account_info WHERE ( auth_status = ? ) LIMIT ? 
2019-11-21 14:03:26.204 DEBUG [demo-with-sleuth,31b73f90ef55a11f,d0d6310e34be562d,false] 21936 --- [http-nio-8081-exec-3] c.m.a.d.F.selectByExample                : ==> Parameters: 1(Integer), 1(Integer)
2019-11-21 14:03:26.207 DEBUG [demo-with-sleuth,31b73f90ef55a11f,d0d6310e34be562d,false] 21936 --- [http-nio-8081-exec-3] c.m.a.d.F.selectByExample                : <==      Total: 1
2019-11-21 14:03:26.209  INFO [demo-with-sleuth,31b73f90ef55a11f,d0d6310e34be562d,false] 21936 --- [http-nio-8081-exec-3] com.my.app.config.AspectLog              : >>>>>>>>>>> 请求地址：/user/getList, 返回参数为：{"code":"0000","data":{"page":{"endRow":1,"firstPage":1,"hasNextPage":true,"hasPreviousPage":false,"isFirstPage":true,"isLastPage":false,"lastPage":7,"list":[{"account_status":2,"active_status":1,"auth_status":1,"created_time":1565272874000,"creator":"","id":4,"id_card_no":"320102199003271335","phone_no":18212345678,"third_cust_id":"L2019081211400000001","token":"8783e09f4c4609badf1e836c20b54053","updated_time":1565655846000,"updator":""}],"navigateFirstPage":1,"navigateLastPage":7,"navigatePages":8,"navigatepageNums":[1,2,3,4,5,6,7],"nextPage":2,"pageNum":1,"pageSize":1,"pages":7,"prePage":0,"size":1,"startRow":1,"total":7},"list":[{"$ref":"$.data.page.list[0]"}]},"message":"请求成功","success":"1"},耗时：{}ms
2019-11-21 14:30:10.744  INFO [demo-with-sleuth,b350a5c3cbc208ea,c0c6de2d24d21d05,false] 21936 --- [http-nio-8081-exec-5] com.my.app.config.AspectLog              : >>>>>>>>>>> 请求地址：/user/getList, 请求参数为：{"uniqueIdentity":"","name":"1","device":"1"}
2019-11-21 14:30:10.753 DEBUG [demo-with-sleuth,b350a5c3cbc208ea,c0c6de2d24d21d05,false] 21936 --- [http-nio-8081-exec-5] c.m.a.d.F.selectByExample_COUNT          : ==>  Preparing: SELECT count(0) FROM front_account_info WHERE (auth_status = ?) 
2019-11-21 14:30:10.754 DEBUG [demo-with-sleuth,b350a5c3cbc208ea,c0c6de2d24d21d05,false] 21936 --- [http-nio-8081-exec-5] c.m.a.d.F.selectByExample_COUNT          : ==> Parameters: 1(Integer)
2019-11-21 14:30:10.756 DEBUG [demo-with-sleuth,b350a5c3cbc208ea,c0c6de2d24d21d05,false] 21936 --- [http-nio-8081-exec-5] c.m.a.d.F.selectByExample_COUNT          : <==      Total: 1
2019-11-21 14:30:10.758 DEBUG [demo-with-sleuth,b350a5c3cbc208ea,c0c6de2d24d21d05,false] 21936 --- [http-nio-8081-exec-5] c.m.a.d.F.selectByExample                : ==>  Preparing: select 'true' as QUERYID, id, id_card_no, auth_status, phone_no, account_status, active_status, third_cust_id, token, creator, updator, created_time, updated_time from front_account_info WHERE ( auth_status = ? ) LIMIT ? 
2019-11-21 14:30:10.759 DEBUG [demo-with-sleuth,b350a5c3cbc208ea,c0c6de2d24d21d05,false] 21936 --- [http-nio-8081-exec-5] c.m.a.d.F.selectByExample                : ==> Parameters: 1(Integer), 1(Integer)
2019-11-21 14:30:10.763 DEBUG [demo-with-sleuth,b350a5c3cbc208ea,c0c6de2d24d21d05,false] 21936 --- [http-nio-8081-exec-5] c.m.a.d.F.selectByExample                : <==      Total: 1
2019-11-21 14:30:10.764  INFO [demo-with-sleuth,b350a5c3cbc208ea,c0c6de2d24d21d05,false] 21936 --- [http-nio-8081-exec-5] com.my.app.config.AspectLog              : >>>>>>>>>>> 请求地址：/user/getList, 返回参数为：{"code":"0000","data":{"page":{"endRow":1,"firstPage":1,"hasNextPage":true,"hasPreviousPage":false,"isFirstPage":true,"isLastPage":false,"lastPage":7,"list":[{"account_status":2,"active_status":1,"auth_status":1,"created_time":1565272874000,"creator":"","id":4,"id_card_no":"320102199003271335","phone_no":18212345678,"third_cust_id":"L2019081211400000001","token":"8783e09f4c4609badf1e836c20b54053","updated_time":1565655846000,"updator":""}],"navigateFirstPage":1,"navigateLastPage":7,"navigatePages":8,"navigatepageNums":[1,2,3,4,5,6,7],"nextPage":2,"pageNum":1,"pageSize":1,"pages":7,"prePage":0,"size":1,"startRow":1,"total":7},"list":[{"$ref":"$.data.page.list[0]"}]},"message":"请求成功","success":"1"},耗时：{}ms
2019-11-21 14:32:16.241  INFO [demo-with-sleuth,b9dfccb8b0e5f1be,d4e8db3a1b4324aa,false] 21936 --- [http-nio-8081-exec-7] com.my.app.config.AspectLog              : >>>>>>>>>>> 请求地址：/user/getList, 请求参数为：{"uniqueIdentity":"","name":"1","device":"1"}
2019-11-21 14:32:16.247 DEBUG [demo-with-sleuth,b9dfccb8b0e5f1be,d4e8db3a1b4324aa,false] 21936 --- [http-nio-8081-exec-7] c.m.a.d.F.selectByExample_COUNT          : ==>  Preparing: SELECT count(0) FROM front_account_info WHERE (auth_status = ?) 
2019-11-21 14:32:16.248 DEBUG [demo-with-sleuth,b9dfccb8b0e5f1be,d4e8db3a1b4324aa,false] 21936 --- [http-nio-8081-exec-7] c.m.a.d.F.selectByExample_COUNT          : ==> Parameters: 1(Integer)
2019-11-21 14:32:16.250 DEBUG [demo-with-sleuth,b9dfccb8b0e5f1be,d4e8db3a1b4324aa,false] 21936 --- [http-nio-8081-exec-7] c.m.a.d.F.selectByExample_COUNT          : <==      Total: 1
2019-11-21 14:32:16.252 DEBUG [demo-with-sleuth,b9dfccb8b0e5f1be,d4e8db3a1b4324aa,false] 21936 --- [http-nio-8081-exec-7] c.m.a.d.F.selectByExample                : ==>  Preparing: select 'true' as QUERYID, id, id_card_no, auth_status, phone_no, account_status, active_status, third_cust_id, token, creator, updator, created_time, updated_time from front_account_info WHERE ( auth_status = ? ) LIMIT ? 
2019-11-21 14:32:16.252 DEBUG [demo-with-sleuth,b9dfccb8b0e5f1be,d4e8db3a1b4324aa,false] 21936 --- [http-nio-8081-exec-7] c.m.a.d.F.selectByExample                : ==> Parameters: 1(Integer), 1(Integer)
2019-11-21 14:32:16.255 DEBUG [demo-with-sleuth,b9dfccb8b0e5f1be,d4e8db3a1b4324aa,false] 21936 --- [http-nio-8081-exec-7] c.m.a.d.F.selectByExample                : <==      Total: 1
2019-11-21 14:32:16.256  INFO [demo-with-sleuth,b9dfccb8b0e5f1be,d4e8db3a1b4324aa,false] 21936 --- [http-nio-8081-exec-7] com.my.app.config.AspectLog              : >>>>>>>>>>> 请求地址：/user/getList, 返回参数为：{"code":"0000","data":{"page":{"endRow":1,"firstPage":1,"hasNextPage":true,"hasPreviousPage":false,"isFirstPage":true,"isLastPage":false,"lastPage":7,"list":[{"account_status":2,"active_status":1,"auth_status":1,"created_time":1565272874000,"creator":"","id":4,"id_card_no":"320102199003271335","phone_no":18212345678,"third_cust_id":"L2019081211400000001","token":"8783e09f4c4609badf1e836c20b54053","updated_time":1565655846000,"updator":""}],"navigateFirstPage":1,"navigateLastPage":7,"navigatePages":8,"navigatepageNums":[1,2,3,4,5,6,7],"nextPage":2,"pageNum":1,"pageSize":1,"pages":7,"prePage":0,"size":1,"startRow":1,"total":7},"list":[{"$ref":"$.data.page.list[0]"}]},"message":"请求成功","success":"1"},耗时：{}ms
2019-11-21 14:51:53.912  INFO [demo-with-sleuth,842da8c3a11fde80,f260457d4b7a8bb7,false] 21936 --- [http-nio-8081-exec-9] com.my.app.config.AspectLog              : >>>>>>>>>>> 请求地址：/user/getList, 请求参数为：{"uniqueIdentity":"","name":"1","device":"1"}
2019-11-21 14:51:53.916 DEBUG [demo-with-sleuth,842da8c3a11fde80,f260457d4b7a8bb7,false] 21936 --- [http-nio-8081-exec-9] c.m.a.d.F.selectByExample_COUNT          : ==>  Preparing: SELECT count(0) FROM front_account_info WHERE (auth_status = ?) 
2019-11-21 14:51:53.916 DEBUG [demo-with-sleuth,842da8c3a11fde80,f260457d4b7a8bb7,false] 21936 --- [http-nio-8081-exec-9] c.m.a.d.F.selectByExample_COUNT          : ==> Parameters: 1(Integer)
2019-11-21 14:51:53.918 DEBUG [demo-with-sleuth,842da8c3a11fde80,f260457d4b7a8bb7,false] 21936 --- [http-nio-8081-exec-9] c.m.a.d.F.selectByExample_COUNT          : <==      Total: 1
2019-11-21 14:51:53.919 DEBUG [demo-with-sleuth,842da8c3a11fde80,f260457d4b7a8bb7,false] 21936 --- [http-nio-8081-exec-9] c.m.a.d.F.selectByExample                : ==>  Preparing: select 'true' as QUERYID, id, id_card_no, auth_status, phone_no, account_status, active_status, third_cust_id, token, creator, updator, created_time, updated_time from front_account_info WHERE ( auth_status = ? ) LIMIT ? 
2019-11-21 14:51:53.920 DEBUG [demo-with-sleuth,842da8c3a11fde80,f260457d4b7a8bb7,false] 21936 --- [http-nio-8081-exec-9] c.m.a.d.F.selectByExample                : ==> Parameters: 1(Integer), 1(Integer)
2019-11-21 14:51:53.922 DEBUG [demo-with-sleuth,842da8c3a11fde80,f260457d4b7a8bb7,false] 21936 --- [http-nio-8081-exec-9] c.m.a.d.F.selectByExample                : <==      Total: 1
2019-11-21 14:51:53.923  INFO [demo-with-sleuth,842da8c3a11fde80,f260457d4b7a8bb7,false] 21936 --- [http-nio-8081-exec-9] com.my.app.config.AspectLog              : >>>>>>>>>>> 请求地址：/user/getList, 返回参数为：{"code":"0000","data":{"page":{"endRow":1,"firstPage":1,"hasNextPage":true,"hasPreviousPage":false,"isFirstPage":true,"isLastPage":false,"lastPage":7,"list":[{"account_status":2,"active_status":1,"auth_status":1,"created_time":1565272874000,"creator":"","id":4,"id_card_no":"320102199003271335","phone_no":18212345678,"third_cust_id":"L2019081211400000001","token":"8783e09f4c4609badf1e836c20b54053","updated_time":1565655846000,"updator":""}],"navigateFirstPage":1,"navigateLastPage":7,"navigatePages":8,"navigatepageNums":[1,2,3,4,5,6,7],"nextPage":2,"pageNum":1,"pageSize":1,"pages":7,"prePage":0,"size":1,"startRow":1,"total":7},"list":[{"$ref":"$.data.page.list[0]"}]},"message":"请求成功","success":"1"},耗时：{}ms
2019-11-21 14:52:36.356  INFO [demo-with-sleuth,3dca520eb4f2ddc3,aca03502e661c449,false] 21936 --- [http-nio-8081-exec-10] com.my.app.config.AspectLog              : >>>>>>>>>>> 请求地址：/user/getList, 请求参数为：{"uniqueIdentity":"","name":"1","device":"1"}
2019-11-21 14:52:36.362 DEBUG [demo-with-sleuth,3dca520eb4f2ddc3,aca03502e661c449,false] 21936 --- [http-nio-8081-exec-10] c.m.a.d.F.selectByExample_COUNT          : ==>  Preparing: SELECT count(0) FROM front_account_info WHERE (auth_status = ?) 
2019-11-21 14:52:36.362 DEBUG [demo-with-sleuth,3dca520eb4f2ddc3,aca03502e661c449,false] 21936 --- [http-nio-8081-exec-10] c.m.a.d.F.selectByExample_COUNT          : ==> Parameters: 1(Integer)
2019-11-21 14:52:36.365 DEBUG [demo-with-sleuth,3dca520eb4f2ddc3,aca03502e661c449,false] 21936 --- [http-nio-8081-exec-10] c.m.a.d.F.selectByExample_COUNT          : <==      Total: 1
2019-11-21 14:52:36.370 DEBUG [demo-with-sleuth,3dca520eb4f2ddc3,aca03502e661c449,false] 21936 --- [http-nio-8081-exec-10] c.m.a.d.F.selectByExample                : ==>  Preparing: select 'true' as QUERYID, id, id_card_no, auth_status, phone_no, account_status, active_status, third_cust_id, token, creator, updator, created_time, updated_time from front_account_info WHERE ( auth_status = ? ) LIMIT ? 
2019-11-21 14:52:36.372 DEBUG [demo-with-sleuth,3dca520eb4f2ddc3,aca03502e661c449,false] 21936 --- [http-nio-8081-exec-10] c.m.a.d.F.selectByExample                : ==> Parameters: 1(Integer), 1(Integer)
2019-11-21 14:52:36.383 DEBUG [demo-with-sleuth,3dca520eb4f2ddc3,aca03502e661c449,false] 21936 --- [http-nio-8081-exec-10] c.m.a.d.F.selectByExample                : <==      Total: 1
2019-11-21 14:52:36.386  INFO [demo-with-sleuth,3dca520eb4f2ddc3,aca03502e661c449,false] 21936 --- [http-nio-8081-exec-10] com.my.app.config.AspectLog              : >>>>>>>>>>> 请求地址：/user/getList, 返回参数为：{"code":"0000","data":{"page":{"endRow":1,"firstPage":1,"hasNextPage":true,"hasPreviousPage":false,"isFirstPage":true,"isLastPage":false,"lastPage":7,"list":[{"account_status":2,"active_status":1,"auth_status":1,"created_time":1565272874000,"creator":"","id":4,"id_card_no":"320102199003271335","phone_no":18212345678,"third_cust_id":"L2019081211400000001","token":"8783e09f4c4609badf1e836c20b54053","updated_time":1565655846000,"updator":""}],"navigateFirstPage":1,"navigateLastPage":7,"navigatePages":8,"navigatepageNums":[1,2,3,4,5,6,7],"nextPage":2,"pageNum":1,"pageSize":1,"pages":7,"prePage":0,"size":1,"startRow":1,"total":7},"list":[{"$ref":"$.data.page.list[0]"}]},"message":"请求成功","success":"1"},耗时：{}ms
2019-11-21 14:53:38.834  INFO [demo-with-sleuth,ef734371a3673a55,6df0fc9790de2c04,false] 21936 --- [http-nio-8081-exec-2] com.my.app.config.AspectLog              : >>>>>>>>>>> 请求地址：/user/getList, 请求参数为：{"uniqueIdentity":"","name":"1","device":"1"}
2019-11-21 14:53:38.838 DEBUG [demo-with-sleuth,ef734371a3673a55,6df0fc9790de2c04,false] 21936 --- [http-nio-8081-exec-2] c.m.a.d.F.selectByExample_COUNT          : ==>  Preparing: SELECT count(0) FROM front_account_info WHERE (auth_status = ?) 
2019-11-21 14:53:38.839 DEBUG [demo-with-sleuth,ef734371a3673a55,6df0fc9790de2c04,false] 21936 --- [http-nio-8081-exec-2] c.m.a.d.F.selectByExample_COUNT          : ==> Parameters: 1(Integer)
2019-11-21 14:53:38.840 DEBUG [demo-with-sleuth,ef734371a3673a55,6df0fc9790de2c04,false] 21936 --- [http-nio-8081-exec-2] c.m.a.d.F.selectByExample_COUNT          : <==      Total: 1
2019-11-21 14:53:38.842 DEBUG [demo-with-sleuth,ef734371a3673a55,6df0fc9790de2c04,false] 21936 --- [http-nio-8081-exec-2] c.m.a.d.F.selectByExample                : ==>  Preparing: select 'true' as QUERYID, id, id_card_no, auth_status, phone_no, account_status, active_status, third_cust_id, token, creator, updator, created_time, updated_time from front_account_info WHERE ( auth_status = ? ) LIMIT ? 
2019-11-21 14:53:38.842 DEBUG [demo-with-sleuth,ef734371a3673a55,6df0fc9790de2c04,false] 21936 --- [http-nio-8081-exec-2] c.m.a.d.F.selectByExample                : ==> Parameters: 1(Integer), 1(Integer)
2019-11-21 14:53:38.845 DEBUG [demo-with-sleuth,ef734371a3673a55,6df0fc9790de2c04,false] 21936 --- [http-nio-8081-exec-2] c.m.a.d.F.selectByExample                : <==      Total: 1
2019-11-21 14:53:38.845  INFO [demo-with-sleuth,ef734371a3673a55,6df0fc9790de2c04,false] 21936 --- [http-nio-8081-exec-2] com.my.app.config.AspectLog              : >>>>>>>>>>> 请求地址：/user/getList, 返回参数为：{"code":"0000","data":{"page":{"endRow":1,"firstPage":1,"hasNextPage":true,"hasPreviousPage":false,"isFirstPage":true,"isLastPage":false,"lastPage":7,"list":[{"account_status":2,"active_status":1,"auth_status":1,"created_time":1565272874000,"creator":"","id":4,"id_card_no":"320102199003271335","phone_no":18212345678,"third_cust_id":"L2019081211400000001","token":"8783e09f4c4609badf1e836c20b54053","updated_time":1565655846000,"updator":""}],"navigateFirstPage":1,"navigateLastPage":7,"navigatePages":8,"navigatepageNums":[1,2,3,4,5,6,7],"nextPage":2,"pageNum":1,"pageSize":1,"pages":7,"prePage":0,"size":1,"startRow":1,"total":7},"list":[{"$ref":"$.data.page.list[0]"}]},"message":"请求成功","success":"1"},耗时：{}ms
2019-11-21 14:54:12.247  INFO [demo-with-sleuth,530fa4d0eeb5248b,077d6b496fd7b04d,false] 21936 --- [http-nio-8081-exec-4] com.my.app.config.AspectLog              : >>>>>>>>>>> 请求地址：/user/getList, 请求参数为：{"uniqueIdentity":"","name":"1","device":"1"}
2019-11-21 14:54:12.251 DEBUG [demo-with-sleuth,530fa4d0eeb5248b,077d6b496fd7b04d,false] 21936 --- [http-nio-8081-exec-4] c.m.a.d.F.selectByExample_COUNT          : ==>  Preparing: SELECT count(0) FROM front_account_info WHERE (auth_status = ?) 
2019-11-21 14:54:12.252 DEBUG [demo-with-sleuth,530fa4d0eeb5248b,077d6b496fd7b04d,false] 21936 --- [http-nio-8081-exec-4] c.m.a.d.F.selectByExample_COUNT          : ==> Parameters: 1(Integer)
2019-11-21 14:54:12.254 DEBUG [demo-with-sleuth,530fa4d0eeb5248b,077d6b496fd7b04d,false] 21936 --- [http-nio-8081-exec-4] c.m.a.d.F.selectByExample_COUNT          : <==      Total: 1
2019-11-21 14:54:12.256 DEBUG [demo-with-sleuth,530fa4d0eeb5248b,077d6b496fd7b04d,false] 21936 --- [http-nio-8081-exec-4] c.m.a.d.F.selectByExample                : ==>  Preparing: select 'true' as QUERYID, id, id_card_no, auth_status, phone_no, account_status, active_status, third_cust_id, token, creator, updator, created_time, updated_time from front_account_info WHERE ( auth_status = ? ) LIMIT ? 
2019-11-21 14:54:12.256 DEBUG [demo-with-sleuth,530fa4d0eeb5248b,077d6b496fd7b04d,false] 21936 --- [http-nio-8081-exec-4] c.m.a.d.F.selectByExample                : ==> Parameters: 1(Integer), 1(Integer)
2019-11-21 14:54:12.259 DEBUG [demo-with-sleuth,530fa4d0eeb5248b,077d6b496fd7b04d,false] 21936 --- [http-nio-8081-exec-4] c.m.a.d.F.selectByExample                : <==      Total: 1
2019-11-21 14:54:12.260  INFO [demo-with-sleuth,530fa4d0eeb5248b,077d6b496fd7b04d,false] 21936 --- [http-nio-8081-exec-4] com.my.app.config.AspectLog              : >>>>>>>>>>> 请求地址：/user/getList, 返回参数为：{"code":"0000","data":{"page":{"endRow":1,"firstPage":1,"hasNextPage":true,"hasPreviousPage":false,"isFirstPage":true,"isLastPage":false,"lastPage":7,"list":[{"account_status":2,"active_status":1,"auth_status":1,"created_time":1565272874000,"creator":"","id":4,"id_card_no":"320102199003271335","phone_no":18212345678,"third_cust_id":"L2019081211400000001","token":"8783e09f4c4609badf1e836c20b54053","updated_time":1565655846000,"updator":""}],"navigateFirstPage":1,"navigateLastPage":7,"navigatePages":8,"navigatepageNums":[1,2,3,4,5,6,7],"nextPage":2,"pageNum":1,"pageSize":1,"pages":7,"prePage":0,"size":1,"startRow":1,"total":7},"list":[{"$ref":"$.data.page.list[0]"}]},"message":"请求成功","success":"1"},耗时：{}ms
